Performing C SOURCE FILE Test CMAKE_HAVE_LIBC_PTHREAD failed with the following output:
Change Dir: /home/kailin/ros/motion_planning_for_mobile_robots_ROS/hw_1/catkin_ws/src/cmake-build-debug/CMakeFiles/CMakeTmp

Run Build Command(s):/usr/bin/make cmTC_343b6/fast && /usr/bin/make -f CMakeFiles/cmTC_343b6.dir/build.make CMakeFiles/cmTC_343b6.dir/build
make[1]: Entering directory '/home/kailin/ros/motion_planning_for_mobile_robots_ROS/hw_1/catkin_ws/src/cmake-build-debug/CMakeFiles/CMakeTmp'
Building C object CMakeFiles/cmTC_343b6.dir/src.c.o
/usr/bin/cc   -DCMAKE_HAVE_LIBC_PTHREAD   -o CMakeFiles/cmTC_343b6.dir/src.c.o   -c /home/kailin/ros/motion_planning_for_mobile_robots_ROS/hw_1/catkin_ws/src/cmake-build-debug/CMakeFiles/CMakeTmp/src.c
Linking C executable cmTC_343b6
/snap/clion/111/bin/cmake/linux/bin/cmake -E cmake_link_script CMakeFiles/cmTC_343b6.dir/link.txt --verbose=1
/usr/bin/cc  -DCMAKE_HAVE_LIBC_PTHREAD    -rdynamic CMakeFiles/cmTC_343b6.dir/src.c.o  -o cmTC_343b6 
CMakeFiles/cmTC_343b6.dir/src.c.o: In function `main':
src.c:(.text+0x3e): undefined reference to `pthread_create'
src.c:(.text+0x4a): undefined reference to `pthread_detach'
src.c:(.text+0x5b): undefined reference to `pthread_join'
src.c:(.text+0x6f): undefined reference to `pthread_atfork'
collect2: error: ld returned 1 exit status
CMakeFiles/cmTC_343b6.dir/build.make:86: recipe for target 'cmTC_343b6' failed
make[1]: *** [cmTC_343b6] Error 1
make[1]: Leaving directory '/home/kailin/ros/motion_planning_for_mobile_robots_ROS/hw_1/catkin_ws/src/cmake-build-debug/CMakeFiles/CMakeTmp'
Makefile:121: recipe for target 'cmTC_343b6/fast' failed
make: *** [cmTC_343b6/fast] Error 2


Source file was:
#include <pthread.h>

void* test_func(void* data)
{
  return data;
}

int main(void)
{
  pthread_t thread;
  pthread_create(&thread, NULL, test_func, NULL);
  pthread_detach(thread);
  pthread_join(thread, NULL);
  pthread_atfork(NULL, NULL, NULL);
  pthread_exit(NULL);

  return 0;
}

Determining if the function pthread_create exists in the pthreads failed with the following output:
Change Dir: /home/kailin/ros/motion_planning_for_mobile_robots_ROS/hw_1/catkin_ws/src/cmake-build-debug/CMakeFiles/CMakeTmp

Run Build Command(s):/usr/bin/make cmTC_c632f/fast && /usr/bin/make -f CMakeFiles/cmTC_c632f.dir/build.make CMakeFiles/cmTC_c632f.dir/build
make[1]: Entering directory '/home/kailin/ros/motion_planning_for_mobile_robots_ROS/hw_1/catkin_ws/src/cmake-build-debug/CMakeFiles/CMakeTmp'
Building C object CMakeFiles/cmTC_c632f.dir/CheckFunctionExists.c.o
/usr/bin/cc   -DCHECK_FUNCTION_EXISTS=pthread_create   -o CMakeFiles/cmTC_c632f.dir/CheckFunctionExists.c.o   -c /snap/clion/111/bin/cmake/linux/share/cmake-3.16/Modules/CheckFunctionExists.c
Linking C executable cmTC_c632f
/snap/clion/111/bin/cmake/linux/bin/cmake -E cmake_link_script CMakeFiles/cmTC_c632f.dir/link.txt --verbose=1
/usr/bin/cc  -DCHECK_FUNCTION_EXISTS=pthread_create    -rdynamic CMakeFiles/cmTC_c632f.dir/CheckFunctionExists.c.o  -o cmTC_c632f  -lpthreads 
/usr/bin/ld: cannot find -lpthreads
collect2: error: ld returned 1 exit status
CMakeFiles/cmTC_c632f.dir/build.make:86: recipe for target 'cmTC_c632f' failed
make[1]: *** [cmTC_c632f] Error 1
make[1]: Leaving directory '/home/kailin/ros/motion_planning_for_mobile_robots_ROS/hw_1/catkin_ws/src/cmake-build-debug/CMakeFiles/CMakeTmp'
Makefile:121: recipe for target 'cmTC_c632f/fast' failed
make: *** [cmTC_c632f/fast] Error 2



